{"level":"info","message":"GET / - 0","label":"web-3/server.js","timestamp":"2018-05-07T05:39:32.531Z"}
{"level":"info","message":"GET / - 0","label":"web-3/server.js","timestamp":"2018-05-07T05:40:17.024Z"}
{"level":"info","message":"POST / - 0","label":"web-3/server.js","timestamp":"2018-05-07T05:40:21.344Z"}
{"level":"info","message":"POST / - 0","label":"web-3/server.js","timestamp":"2018-05-07T05:40:50.450Z"}
{"level":"info","message":"POST / - 0","label":"web-3/server.js","timestamp":"2018-05-07T05:41:47.688Z"}
{"level":"info","message":"GET / - 0","label":"web-3/server.js","timestamp":"2018-05-07T05:44:06.119Z"}
{"level":"info","message":"POST / - 0","label":"web-3/server.js","timestamp":"2018-05-07T05:44:18.935Z"}
{"level":"info","message":"POST / - 0","label":"web-3/server.js","timestamp":"2018-05-07T05:46:57.419Z"}
{"level":"info","message":"POST / - 0","label":"web-3/server.js","timestamp":"2018-05-07T05:47:28.160Z"}
{"level":"info","message":"GET / - 0","label":"web-3/server.js","timestamp":"2018-05-07T05:53:36.531Z"}
{"level":"info","message":"POST / - 0","label":"web-3/server.js","timestamp":"2018-05-07T05:53:41.277Z"}
{"level":"info","message":"GET / - 0","label":"web-3/server.js","timestamp":"2018-05-07T05:55:17.135Z"}
{"level":"info","message":"POST / - 0","label":"web-3/server.js","timestamp":"2018-05-07T05:55:21.409Z"}
{"level":"info","message":"GET / - 0","label":"web-3/server.js","timestamp":"2018-05-07T05:56:52.921Z"}
{"level":"info","message":"POST / - 0","label":"web-3/server.js","timestamp":"2018-05-07T05:56:57.828Z"}
{"level":"info","message":"GET /app - 0","label":"web-3/server.js","timestamp":"2018-05-07T05:56:57.893Z"}
{"level":"info","message":"GET / - 0","label":"web-3/server.js","timestamp":"2018-05-07T05:57:05.663Z"}
{"level":"info","message":"POST / - 0","label":"web-3/server.js","timestamp":"2018-05-07T05:57:14.609Z"}
{"level":"info","message":"GET /app - 0","label":"web-3/server.js","timestamp":"2018-05-07T05:57:14.631Z"}
{"level":"info","message":"GET /logout - 0","label":"web-3/server.js","timestamp":"2018-05-07T05:57:22.399Z"}
{"level":"info","message":"GET / - 0","label":"web-3/server.js","timestamp":"2018-05-07T05:57:22.429Z"}
{"level":"info","message":"GET /app - 0","label":"web-3/server.js","timestamp":"2018-05-07T05:57:31.903Z"}
{"level":"info","message":"GET /logout - 0","label":"web-3/server.js","timestamp":"2018-05-07T05:57:33.564Z"}
{"level":"info","message":"GET / - 0","label":"web-3/server.js","timestamp":"2018-05-07T05:57:33.586Z"}
{"level":"info","message":"POST / - 0","label":"web-3/server.js","timestamp":"2018-05-07T05:57:40.273Z"}
{"level":"info","message":"GET /app - 0","label":"web-3/server.js","timestamp":"2018-05-07T05:57:40.334Z"}
{"level":"info","message":"GET /logout - 0","label":"web-3/server.js","timestamp":"2018-05-07T05:57:42.843Z"}
{"level":"info","message":"GET / - 0","label":"web-3/server.js","timestamp":"2018-05-07T05:57:42.857Z"}
{"level":"info","message":"GET /app - 0","label":"web-3/server.js","timestamp":"2018-05-07T05:58:01.231Z"}
{"level":"info","message":"GET /app - 0","label":"web-3/server.js","timestamp":"2018-05-07T05:58:09.774Z"}
{"level":"info","message":"GET /logout - 0","label":"web-3/server.js","timestamp":"2018-05-07T05:58:17.340Z"}
{"level":"info","message":"GET / - 0","label":"web-3/server.js","timestamp":"2018-05-07T05:58:17.363Z"}
{"level":"info","message":"GET / - 0","label":"web-3/server.js","timestamp":"2018-05-07T05:59:27.792Z"}
{"level":"info","message":"GET / - 0","label":"web-3/server.js","timestamp":"2018-05-07T05:59:30.123Z"}
{"level":"info","message":"GET /login - 0","label":"web-3/server.js","timestamp":"2018-05-07T05:59:33.712Z"}
{"level":"info","message":"GET /logout - 0","label":"web-3/server.js","timestamp":"2018-05-07T05:59:35.212Z"}
{"level":"info","message":"GET / - 0","label":"web-3/server.js","timestamp":"2018-05-07T05:59:35.241Z"}
{"level":"info","message":"GET / - 0","label":"web-3/server.js","timestamp":"2018-05-07T06:02:15.473Z"}
{"level":"info","message":"GET /logout - 0","label":"web-3/server.js","timestamp":"2018-05-07T06:02:21.329Z"}
{"level":"info","message":"GET / - 0","label":"web-3/server.js","timestamp":"2018-05-07T06:02:21.353Z"}
{"level":"info","message":"POST / - 0","label":"web-3/server.js","timestamp":"2018-05-07T06:02:23.732Z"}
{"level":"info","message":"GET /app - 0","label":"web-3/server.js","timestamp":"2018-05-07T06:02:23.745Z"}
{"level":"info","message":"GET /logout - 0","label":"web-3/server.js","timestamp":"2018-05-07T06:02:29.140Z"}
{"level":"info","message":"GET / - 0","label":"web-3/server.js","timestamp":"2018-05-07T06:02:29.154Z"}
{"level":"info","message":"POST / - 0","label":"web-3/server.js","timestamp":"2018-05-07T06:02:31.402Z"}
{"level":"info","message":"GET /app - 0","label":"web-3/server.js","timestamp":"2018-05-07T06:02:31.419Z"}
{"level":"info","message":"GET /logout - 0","label":"web-3/server.js","timestamp":"2018-05-07T06:02:32.563Z"}
{"level":"info","message":"GET / - 0","label":"web-3/server.js","timestamp":"2018-05-07T06:02:32.575Z"}
{"level":"info","message":"GET /logout - 0","label":"web-3/server.js","timestamp":"2018-05-07T06:02:36.412Z"}
{"level":"info","message":"GET / - 0","label":"web-3/server.js","timestamp":"2018-05-07T06:02:36.437Z"}
{"level":"info","message":"GET /logout - 0","label":"web-3/server.js","timestamp":"2018-05-07T06:02:42.690Z"}
{"level":"info","message":"GET / - 0","label":"web-3/server.js","timestamp":"2018-05-07T06:02:42.708Z"}
{"level":"info","message":"GET / - 0","label":"web-3/server.js","timestamp":"2018-05-07T06:15:13.459Z"}
{"level":"info","message":"GET /app - 0","label":"web-3/server.js","timestamp":"2018-05-07T06:15:16.582Z"}
{"level":"info","message":"GET /logout - 0","label":"web-3/server.js","timestamp":"2018-05-07T06:15:18.642Z"}
{"level":"info","message":"GET / - 0","label":"web-3/server.js","timestamp":"2018-05-07T06:15:18.671Z"}
{"level":"info","message":"GET /app - 0","label":"web-3/server.js","timestamp":"2018-05-07T06:15:36.101Z"}
{"level":"info","message":"GET /logout - 0","label":"web-3/server.js","timestamp":"2018-05-07T06:15:38.281Z"}
{"level":"info","message":"GET / - 0","label":"web-3/server.js","timestamp":"2018-05-07T06:15:38.305Z"}
{"level":"info","message":"GET / - 0","label":"web-3/server.js","timestamp":"2018-05-07T06:16:15.349Z"}
{"level":"info","message":"GET /logout - 0","label":"web-3/server.js","timestamp":"2018-05-07T06:16:23.121Z"}
{"level":"info","message":"GET / - 0","label":"web-3/server.js","timestamp":"2018-05-07T06:16:23.143Z"}
{"meta":0,"level":"info","message":"GET 404 - /","label":"web-3/server.js","timestamp":"2018-05-07T06:22:47.975Z"}
{"meta":0,"level":"info","message":"GET 404 - /","label":"web-3/server.js","timestamp":"2018-05-07T06:22:58.216Z"}
{"meta":0,"level":"info","message":"GET 404 - /app","label":"web-3/server.js","timestamp":"2018-05-07T06:23:13.832Z"}
{"meta":0,"level":"info","message":"GET 404 - /logout","label":"web-3/server.js","timestamp":"2018-05-07T06:23:19.447Z"}
{"meta":0,"level":"info","message":"GET 404 - /","label":"web-3/server.js","timestamp":"2018-05-07T06:23:19.466Z"}
{"level":"info","message":"GET /logout - 0","label":"web-3/server.js","timestamp":"2018-05-07T06:32:29.874Z"}
{"level":"info","message":"GET / - 0","label":"web-3/server.js","timestamp":"2018-05-07T06:32:29.897Z"}
{"level":"info","message":"GET /app - 0","label":"web-3/server.js","timestamp":"2018-05-07T06:32:40.227Z"}
{"level":"info","message":"GET /logout - 0","label":"web-3/server.js","timestamp":"2018-05-07T06:32:42.614Z"}
{"level":"info","message":"GET / - 0","label":"web-3/server.js","timestamp":"2018-05-07T06:32:42.628Z"}
{"level":"info","message":"POST / - 0","label":"web-3/server.js","timestamp":"2018-05-07T06:32:47.199Z"}
{"level":"info","message":"GET /app - 0","label":"web-3/server.js","timestamp":"2018-05-07T06:32:47.210Z"}
{"level":"info","message":"GET /logout - 0","label":"web-3/server.js","timestamp":"2018-05-07T06:32:49.054Z"}
{"level":"info","message":"GET / - 0","label":"web-3/server.js","timestamp":"2018-05-07T06:32:49.074Z"}
{"level":"info","message":"GET /logout - 0","label":"web-3/server.js","timestamp":"2018-05-07T06:34:11.979Z"}
{"level":"info","message":"GET /logout - 0","label":"web-3/server.js","timestamp":"2018-05-07T06:34:39.168Z"}
{"level":"info","message":"GET /logout - 0","label":"web-3/server.js","timestamp":"2018-05-07T06:34:40.537Z"}
{"level":"info","message":"GET /logout - 0","label":"web-3/server.js","timestamp":"2018-05-07T06:34:51.849Z"}
{"level":"info","message":"GET / - 0","label":"web-3/server.js","timestamp":"2018-05-07T06:34:51.875Z"}
{"level":"info","message":"GET /logout - 0","label":"web-3/server.js","timestamp":"2018-05-07T06:34:56.755Z"}
{"level":"info","message":"GET / - 0","label":"web-3/server.js","timestamp":"2018-05-07T06:34:56.773Z"}
{"level":"info","message":"GET / - 0","label":"web-3/server.js","timestamp":"2018-05-07T06:34:57.929Z"}
{"level":"info","message":"GET / - 0","label":"web-3/server.js","timestamp":"2018-05-07T06:38:09.563Z"}
{"level":"info","message":"GET /logout - 0","label":"web-3/server.js","timestamp":"2018-05-07T06:38:23.006Z"}
{"level":"info","message":"GET / - 0","label":"web-3/server.js","timestamp":"2018-05-07T06:38:23.034Z"}
{"level":"info","message":"GET /app - 0","label":"web-3/server.js","timestamp":"2018-05-07T06:38:27.046Z"}
{"level":"info","message":"GET /logout - 0","label":"web-3/server.js","timestamp":"2018-05-07T06:38:32.616Z"}
{"level":"info","message":"GET / - 0","label":"web-3/server.js","timestamp":"2018-05-07T06:38:32.634Z"}
{"level":"info","message":"GET /logout - 0","label":"web-3/server.js","timestamp":"2018-05-07T06:39:30.430Z"}
{"level":"info","message":"GET / - 0","label":"web-3/server.js","timestamp":"2018-05-07T06:39:30.461Z"}
{"level":"info","message":"GET / - 0","label":"web-3/server.js","timestamp":"2018-05-07T06:40:10.650Z"}
{"level":"info","message":"GET /logout - 0","label":"web-3/server.js","timestamp":"2018-05-07T06:40:13.219Z"}
{"level":"info","message":"GET / - 0","label":"web-3/server.js","timestamp":"2018-05-07T06:40:13.256Z"}
{"level":"info","message":"GET / - 0","label":"web-3/server.js","timestamp":"2018-05-07T06:40:14.002Z"}
{"level":"info","message":"POST / - 0","label":"web-3/server.js","timestamp":"2018-05-07T06:40:31.726Z"}
{"level":"info","message":"GET /app - 0","label":"web-3/server.js","timestamp":"2018-05-07T06:40:31.742Z"}
{"level":"info","message":"GET /logout - 0","label":"web-3/server.js","timestamp":"2018-05-07T06:40:34.420Z"}
{"level":"info","message":"GET / - 0","label":"web-3/server.js","timestamp":"2018-05-07T06:40:34.438Z"}
{"level":"info","message":"GET / - 0","label":"web-3/server.js","timestamp":"2018-05-07T06:43:16.528Z"}
{"level":"info","message":"GET /app - 0","label":"web-3/server.js","timestamp":"2018-05-07T06:43:20.009Z"}
{"level":"info","message":"GET /logout - 0","label":"web-3/server.js","timestamp":"2018-05-07T06:43:22.203Z"}
{"level":"info","message":"GET / - 0","label":"web-3/server.js","timestamp":"2018-05-07T06:43:22.231Z"}
{"level":"info","message":"POST / - 0","label":"web-3/server.js","timestamp":"2018-05-07T06:43:41.237Z"}
{"level":"info","message":"GET /app - 0","label":"web-3/server.js","timestamp":"2018-05-07T06:43:41.248Z"}
{"level":"info","message":"GET /logout - 0","label":"web-3/server.js","timestamp":"2018-05-07T06:43:43.903Z"}
{"level":"info","message":"GET / - 0","label":"web-3/server.js","timestamp":"2018-05-07T06:43:43.922Z"}
{"level":"info","message":"GET / - 0","label":"web-3/server.js","timestamp":"2018-05-07T06:52:43.293Z"}
{"level":"info","message":"GET / - 0","label":"web-3/server.js","timestamp":"2018-05-07T06:52:44.572Z"}
{"level":"info","message":"POST / - 0","label":"web-3/server.js","timestamp":"2018-05-07T06:52:48.276Z"}
{"level":"info","message":"POST / - 0","label":"web-3/server.js","timestamp":"2018-05-07T06:54:18.549Z"}
{"level":"info","message":"GET /app - 0","label":"web-3/server.js","timestamp":"2018-05-07T06:54:21.297Z"}
{"level":"info","message":"GET /logout - 0","label":"web-3/server.js","timestamp":"2018-05-07T06:54:26.268Z"}
{"level":"info","message":"GET / - 0","label":"web-3/server.js","timestamp":"2018-05-07T06:54:26.298Z"}
{"level":"info","message":"GET /logout - 0","label":"web-3/server.js","timestamp":"2018-05-07T06:54:55.045Z"}
{"level":"info","message":"GET / - 0","label":"web-3/server.js","timestamp":"2018-05-07T06:54:55.073Z"}
{"level":"info","message":"GET /app - 1","label":"web-3/server.js","timestamp":"2018-05-07T06:55:04.569Z"}
{"level":"info","message":"GET / - 0","label":"web-3/server.js","timestamp":"2018-05-07T11:16:23.493Z"}
{"level":"info","message":"GET /favicon.ico - 0","label":"web-3/server.js","timestamp":"2018-05-07T11:16:23.728Z"}
{"level":"info","message":"GET /favicon.ico - 0","label":"web-3/server.js","timestamp":"2018-05-07T11:16:41.432Z"}
{"level":"info","message":"GET / - 0","label":"web-3/server.js","timestamp":"2018-05-07T11:16:56.493Z"}
{"level":"info","message":"GET / - 0","label":"web-3/server.js","timestamp":"2018-05-07T11:16:57.241Z"}
{"level":"info","message":"GET /app - 0","label":"web-3/server.js","timestamp":"2018-05-07T11:17:08.399Z"}
{"level":"info","message":"GET /logout - 0","label":"web-3/server.js","timestamp":"2018-05-07T11:17:11.872Z"}
{"level":"info","message":"GET / - 0","label":"web-3/server.js","timestamp":"2018-05-07T11:17:11.924Z"}
{"level":"info","message":"GET / - 0","label":"web-3/server.js","timestamp":"2018-05-07T11:18:37.947Z"}
{"level":"info","message":"POST /reg - 0","label":"web-3/server.js","timestamp":"2018-05-07T11:25:47.507Z"}
{"level":"info","message":"POST /reg - 0","label":"web-3/server.js","timestamp":"2018-05-07T11:26:30.395Z"}
{"level":"info","message":"POST /reg - 0","label":"web-3/server.js","timestamp":"2018-05-07T11:28:52.342Z"}
{"level":"info","message":"POST /reg - 0","label":"web-3/server.js","timestamp":"2018-05-07T11:29:05.667Z"}
{"level":"info","message":"POST /reg - 0","label":"web-3/server.js","timestamp":"2018-05-07T11:29:38.424Z"}
{"level":"info","message":"GET /logout - 0","label":"web-3/server.js","timestamp":"2018-05-07T11:30:22.279Z"}
{"level":"info","message":"GET / - 0","label":"web-3/server.js","timestamp":"2018-05-07T11:30:22.310Z"}
{"level":"info","message":"GET /reg - 0","label":"web-3/server.js","timestamp":"2018-05-07T11:31:37.574Z"}
{"level":"info","message":"POST /reg - 0","label":"web-3/server.js","timestamp":"2018-05-07T11:31:49.087Z"}
{"level":"info","message":"POST /reg - 0","label":"web-3/server.js","timestamp":"2018-05-07T11:34:16.868Z"}
{"level":"info","message":"POST /reg - 0","label":"web-3/server.js","timestamp":"2018-05-07T11:35:05.070Z"}
{"level":"info","message":"GET /reg - 0","label":"web-3/server.js","timestamp":"2018-05-07T11:36:03.829Z"}
{"level":"info","message":"GET /reg - 0","label":"web-3/server.js","timestamp":"2018-05-07T11:36:41.148Z"}
{"level":"info","message":"POST /reg - 0","label":"web-3/server.js","timestamp":"2018-05-07T11:36:54.870Z"}
{"level":"info","message":"POST /reg - 0","label":"web-3/server.js","timestamp":"2018-05-07T13:28:47.198Z"}
{"level":"info","message":"POST /reg - 1","label":"web-3/server.js","timestamp":"2018-05-07T13:29:52.108Z"}
{"level":"info","message":"POST /reg - 0","label":"web-3/server.js","timestamp":"2018-05-07T13:31:18.928Z"}
{"level":"info","message":"POST /reg - 0","label":"web-3/server.js","timestamp":"2018-05-07T13:32:07.993Z"}
{"level":"info","message":"POST /reg - 0","label":"web-3/server.js","timestamp":"2018-05-07T13:32:39.178Z"}
{"level":"info","message":"GET /app - 0","label":"web-3/server.js","timestamp":"2018-05-07T13:32:39.520Z"}
{"level":"info","message":"POST /reg - 0","label":"web-3/server.js","timestamp":"2018-05-07T13:43:37.235Z"}
{"level":"info","message":"GET /app - 0","label":"web-3/server.js","timestamp":"2018-05-07T13:43:37.503Z"}
{"level":"info","message":"POST /reg - 0","label":"web-3/server.js","timestamp":"2018-05-07T13:44:22.788Z"}
{"level":"info","message":"GET /app - 0","label":"web-3/server.js","timestamp":"2018-05-07T13:44:22.880Z"}
{"level":"info","message":"POST /reg - 0","label":"web-3/server.js","timestamp":"2018-05-07T13:45:29.245Z"}
{"level":"info","message":"GET /app - 0","label":"web-3/server.js","timestamp":"2018-05-07T13:45:29.334Z"}
{"level":"info","message":"POST /reg - 0","label":"web-3/server.js","timestamp":"2018-05-07T13:47:36.297Z"}
{"level":"info","message":"GET /app - 0","label":"web-3/server.js","timestamp":"2018-05-07T13:47:36.410Z"}
{"level":"info","message":"POST /reg - 0","label":"web-3/server.js","timestamp":"2018-05-07T13:49:22.193Z"}
{"level":"info","message":"GET /app - 0","label":"web-3/server.js","timestamp":"2018-05-07T13:49:22.319Z"}
{"level":"info","message":"POST /reg - 0","label":"web-3/server.js","timestamp":"2018-05-07T13:51:38.822Z"}
{"level":"info","message":"GET /app - 0","label":"web-3/server.js","timestamp":"2018-05-07T13:51:38.900Z"}
{"level":"info","message":"POST /reg - 0","label":"web-3/server.js","timestamp":"2018-05-07T13:54:14.563Z"}
{"level":"info","message":"GET /app - 0","label":"web-3/server.js","timestamp":"2018-05-07T13:54:14.640Z"}
{"level":"info","message":"POST /reg - 0","label":"web-3/server.js","timestamp":"2018-05-07T13:55:03.902Z"}
{"level":"info","message":"GET /app - 0","label":"web-3/server.js","timestamp":"2018-05-07T13:55:04.087Z"}
{"level":"info","message":"POST /reg - 0","label":"web-3/server.js","timestamp":"2018-05-07T13:55:45.525Z"}
{"level":"info","message":"POST /reg - 0","label":"web-3/server.js","timestamp":"2018-05-07T13:57:56.308Z"}
{"level":"info","message":"POST /reg - 0","label":"web-3/server.js","timestamp":"2018-05-07T13:58:05.778Z"}
{"level":"info","message":"GET /app - 0","label":"web-3/server.js","timestamp":"2018-05-07T13:58:05.925Z"}
{"level":"info","message":"POST /reg - 0","label":"web-3/server.js","timestamp":"2018-05-07T13:59:00.856Z"}
{"level":"info","message":"GET /app - 0","label":"web-3/server.js","timestamp":"2018-05-07T13:59:00.942Z"}
{"level":"info","message":"POST /reg - 0","label":"web-3/server.js","timestamp":"2018-05-07T13:59:40.060Z"}
{"level":"info","message":"GET /app - 0","label":"web-3/server.js","timestamp":"2018-05-07T13:59:40.328Z"}
{"level":"info","message":"GET /logout - 0","label":"web-3/server.js","timestamp":"2018-05-07T14:02:39.508Z"}
{"level":"info","message":"GET / - 0","label":"web-3/server.js","timestamp":"2018-05-07T14:02:39.556Z"}
{"level":"info","message":"GET /logout - 0","label":"web-3/server.js","timestamp":"2018-05-07T14:03:43.867Z"}
{"level":"info","message":"GET / - 0","label":"web-3/server.js","timestamp":"2018-05-07T14:03:43.913Z"}
{"level":"info","message":"GET /app - 0","label":"web-3/server.js","timestamp":"2018-05-07T14:04:34.391Z"}
{"level":"info","message":"GET / - 0","label":"web-3/server.js","timestamp":"2018-05-07T14:15:35.740Z"}
{"level":"info","message":"GET / - 0","label":"web-3/server.js","timestamp":"2018-05-07T14:15:56.860Z"}
{"level":"info","message":"GET / - 0","label":"web-3/server.js","timestamp":"2018-05-07T14:16:23.303Z"}
{"level":"info","message":"GET /app - 0","label":"web-3/server.js","timestamp":"2018-05-07T14:16:32.893Z"}
{"level":"info","message":"GET /app - 0","label":"web-3/server.js","timestamp":"2018-05-07T14:34:50.542Z"}
{"level":"info","message":"GET /app - 0","label":"web-3/server.js","timestamp":"2018-05-07T14:42:43.256Z"}
{"level":"info","message":"GET /app - 0","label":"web-3/server.js","timestamp":"2018-05-07T14:44:40.031Z"}
{"level":"info","message":"GET / - 0","label":"web-3/server.js","timestamp":"2018-05-07T14:44:40.105Z"}
{"level":"info","message":"GET / - 0","label":"web-3/server.js","timestamp":"2018-05-07T14:44:54.004Z"}
{"level":"info","message":"GET /app - 0","label":"web-3/server.js","timestamp":"2018-05-07T14:44:57.734Z"}
{"level":"info","message":"GET / - 0","label":"web-3/server.js","timestamp":"2018-05-07T14:44:57.763Z"}
{"level":"info","message":"GET / - 0","label":"web-3/server.js","timestamp":"2018-05-07T14:44:58.419Z"}
{"level":"info","message":"POST / - 0","label":"web-3/server.js","timestamp":"2018-05-07T14:45:02.428Z"}
{"level":"info","message":"POST / - 0","label":"web-3/server.js","timestamp":"2018-05-07T14:46:08.333Z"}
{"level":"info","message":"GET / - 0","label":"web-3/server.js","timestamp":"2018-05-07T14:46:08.377Z"}
{"level":"info","message":"POST / - 0","label":"web-3/server.js","timestamp":"2018-05-07T14:46:34.148Z"}
{"level":"info","message":"GET / - 0","label":"web-3/server.js","timestamp":"2018-05-07T14:46:34.171Z"}
{"level":"info","message":"GET /reg - 0","label":"web-3/server.js","timestamp":"2018-05-07T15:09:36.226Z"}
{"level":"info","message":"GET /app - 0","label":"web-3/server.js","timestamp":"2018-05-07T15:09:41.627Z"}
{"level":"info","message":"GET / - 0","label":"web-3/server.js","timestamp":"2018-05-07T15:09:41.679Z"}
{"level":"info","message":"POST / - 0","label":"web-3/server.js","timestamp":"2018-05-07T15:11:39.172Z"}
{"level":"info","message":"POST / - 0","label":"web-3/server.js","timestamp":"2018-05-07T15:13:53.465Z"}
{"level":"info","message":"POST / - 0","label":"web-3/server.js","timestamp":"2018-05-07T15:14:31.815Z"}
{"level":"info","message":"GET / - 0","label":"web-3/server.js","timestamp":"2018-05-07T15:14:31.884Z"}
{"level":"info","message":"POST / - 0","label":"web-3/server.js","timestamp":"2018-05-07T15:14:46.770Z"}
{"level":"info","message":"GET / - 0","label":"web-3/server.js","timestamp":"2018-05-07T15:14:46.786Z"}
{"level":"info","message":"POST / - 0","label":"web-3/server.js","timestamp":"2018-05-07T15:16:06.183Z"}
{"level":"info","message":"GET / - 0","label":"web-3/server.js","timestamp":"2018-05-07T15:16:06.249Z"}
{"level":"info","message":"GET / - 0","label":"web-3/server.js","timestamp":"2018-05-07T15:16:30.284Z"}
{"level":"info","message":"POST / - 0","label":"web-3/server.js","timestamp":"2018-05-07T15:16:40.550Z"}
{"level":"info","message":"GET / - 0","label":"web-3/server.js","timestamp":"2018-05-07T15:20:06.483Z"}
{"level":"info","message":"POST / - 0","label":"web-3/server.js","timestamp":"2018-05-07T15:20:35.025Z"}
{"level":"info","message":"POST / - 0","label":"web-3/server.js","timestamp":"2018-05-07T15:21:26.050Z"}
{"level":"info","message":"POST / - 0","label":"web-3/server.js","timestamp":"2018-05-07T15:22:35.390Z"}
{"level":"info","message":"POST / - 0","label":"web-3/server.js","timestamp":"2018-05-07T15:23:53.285Z"}
{"level":"info","message":"POST / - 0","label":"web-3/server.js","timestamp":"2018-05-07T15:25:39.895Z"}
{"level":"info","message":"GET /app - 0","label":"web-3/server.js","timestamp":"2018-05-07T15:25:40.005Z"}
{"level":"info","message":"GET / - 0","label":"web-3/server.js","timestamp":"2018-05-07T15:25:40.015Z"}
{"level":"info","message":"POST / - 0","label":"web-3/server.js","timestamp":"2018-05-07T15:28:27.418Z"}
{"level":"info","message":"GET /app - 0","label":"web-3/server.js","timestamp":"2018-05-07T15:28:27.645Z"}
{"level":"info","message":"GET / - 0","label":"web-3/server.js","timestamp":"2018-05-07T15:28:43.425Z"}
{"level":"info","message":"GET /app - 0","label":"web-3/server.js","timestamp":"2018-05-07T15:28:47.633Z"}
{"level":"info","message":"GET / - 0","label":"web-3/server.js","timestamp":"2018-05-07T15:28:47.688Z"}
{"level":"info","message":"GET / - 0","label":"web-3/server.js","timestamp":"2018-05-07T15:28:48.153Z"}
{"level":"info","message":"POST / - 0","label":"web-3/server.js","timestamp":"2018-05-07T15:28:54.445Z"}
{"level":"info","message":"GET / - 0","label":"web-3/server.js","timestamp":"2018-05-07T15:28:54.498Z"}
{"level":"info","message":"POST / - 0","label":"web-3/server.js","timestamp":"2018-05-07T15:29:14.254Z"}
{"level":"info","message":"GET /app - 0","label":"web-3/server.js","timestamp":"2018-05-07T15:29:14.303Z"}
{"level":"info","message":"GET / - 0","label":"web-3/server.js","timestamp":"2018-05-07T15:29:18.745Z"}
{"level":"info","message":"GET /app - 0","label":"web-3/server.js","timestamp":"2018-05-07T15:29:21.995Z"}
{"level":"info","message":"GET /logout - 0","label":"web-3/server.js","timestamp":"2018-05-07T15:29:27.112Z"}
{"level":"info","message":"GET / - 0","label":"web-3/server.js","timestamp":"2018-05-07T15:29:27.146Z"}
